<?xml version="1.0" encoding="UTF-8"?>
<!-- Generated by org.testng.reporters.JUnitReportReporter -->
<testsuite hostname="DESKTOP-F1RHDCE" failures="0" tests="1" name="test_cases.SpeedTest" time="32.664" errors="0" timestamp="2024-01-15T23:19:50 IST" skipped="0">
  <testcase classname="test_cases.SpeedTest" name="test" time="32.664"/>
</testsuite> <!-- test_cases.SpeedTest -->
