<?xml version="1.0" encoding="UTF-8"?>
<!-- Generated by org.testng.reporters.JUnitReportReporter -->
<testsuite hostname="DESKTOP-F1RHDCE" failures="0" tests="3" name="test_cases.GoogleTest" time="18.418" errors="0" timestamp="2024-01-13T18:01:31 IST" skipped="0">
  <testcase classname="test_cases.GoogleTest" name="test3" time="6.192"/>
  <testcase classname="test_cases.GoogleTest" name="test2" time="4.862"/>
  <testcase classname="test_cases.GoogleTest" name="test1" time="7.364"/>
</testsuite> <!-- test_cases.GoogleTest -->
