<?xml version="1.0" encoding="UTF-8"?>
<!-- Generated by org.testng.reporters.JUnitReportReporter -->
<testsuite hostname="DESKTOP-F1RHDCE" failures="0" tests="2" name="test_cases.GoogleTranslate" time="11.492" errors="0" timestamp="2024-01-14T01:12:56 IST" skipped="0">
  <testcase classname="test_cases.GoogleTranslate" name="englishToHindi" time="7.200"/>
  <testcase classname="test_cases.GoogleTranslate" name="englishToMarathi" time="4.292"/>
</testsuite> <!-- test_cases.GoogleTranslate -->
