<?xml version="1.0" encoding="UTF-8"?>
<!-- Generated by org.testng.reporters.JUnitReportReporter -->
<testsuite hostname="DESKTOP-F1RHDCE" failures="0" tests="2" name="test_cases.GoogleTranslate" time="10.795" errors="0" timestamp="2024-01-14T01:32:28 IST" skipped="0">
  <testcase classname="test_cases.GoogleTranslate" name="englishToHindi" time="4.916"/>
  <testcase classname="test_cases.GoogleTranslate" name="englishToMarathi" time="5.879"/>
</testsuite> <!-- test_cases.GoogleTranslate -->
